<?xml version="1.0" encoding="UTF-8"?>
<testsuite xmlns:xsi="http://www.w3.org/2001/XMLSchema-instance" xsi:noNamespaceSchemaLocation="https://maven.apache.org/surefire/maven-surefire-plugin/xsd/surefire-test-report.xsd" name="opennlp.morfologik.lemmatizer.MorfologikLemmatizerTest" time="0.015" tests="2" errors="0" skipped="0" failures="0">
  <properties>
[...]
</properties>
  <testcase name="testLemmatizeInsensitive" classname="opennlp.morfologik.lemmatizer.MorfologikLemmatizerTest" time="0.008"/>
  <testcase name="testLemmatizeMultiLemma" classname="opennlp.morfologik.lemmatizer.MorfologikLemmatizerTest" time="0.007"/>
</testsuite>