<?xml version="1.0" encoding="UTF-8"?>
<testsuite xmlns:xsi="http://www.w3.org/2001/XMLSchema-instance" xsi:noNamespaceSchemaLocation="https://maven.apache.org/surefire/maven-surefire-plugin/xsd/surefire-test-report.xsd" name="opennlp.uima.dictionary.DictionaryResourceTest" time="0.385" tests="2" errors="0" skipped="0" failures="0">
  <properties>
[...]
</properties>
  <testcase name="testDictionaryNameFinder" classname="opennlp.uima.dictionary.DictionaryResourceTest" time="0.029"/>
  <testcase name="testDictionaryWasLoaded" classname="opennlp.uima.dictionary.DictionaryResourceTest" time="0.001"/>
</testsuite>